<?xml version="1.0" encoding="UTF-8"?>
<!-- Generated by org.testng.reporters.JUnitReportReporter -->
<testsuite hostname="SHREE-PC" failures="0" tests="1" name="com.pom.classes.TestClass1" time="11.531" errors="0" timestamp="22 Jun 2021 06:55:28 GMT" skipped="0">
  <testcase classname="com.pom.classes.TestClass1" name="VerifyOrdersLink" time="11.531"/>
</testsuite> <!-- com.pom.classes.TestClass1 -->
